0 info it worked if it ends with ok
1 verbose cli [ '/Users/ceto/.nvm/versions/node/v6.9.1/bin/node',
1 verbose cli   '/Users/ceto/.nvm/versions/node/v6.9.1/bin/npm',
1 verbose cli   'rebuild',
1 verbose cli   'node-sass' ]
2 info using npm@4.0.1
3 info using node@v6.9.1
4 info readInstalled object
5 verbose rebuild path, id [ '/Users/ceto/Htdocs/somnocenter/wp-content/themes/somnocenter/node_modules/grunt-sass/node_modules/node-sass',
5 verbose rebuild   'node-sass@3.3.3' ]
6 silly rebuild set [ '/Users/ceto/Htdocs/somnocenter/wp-content/themes/somnocenter/node_modules/grunt-sass/node_modules/node-sass' ]
7 info build /Users/ceto/Htdocs/somnocenter/wp-content/themes/somnocenter/node_modules/grunt-sass/node_modules/node-sass
8 info lifecycle node-sass@3.3.3~preinstall: node-sass@3.3.3
9 silly lifecycle node-sass@3.3.3~preinstall: no script for preinstall, continuing
10 info linkStuff node-sass@3.3.3
11 silly linkStuff node-sass@3.3.3 has /Users/ceto/Htdocs/somnocenter/wp-content/themes/somnocenter/node_modules/grunt-sass/node_modules as its parent node_modules
12 verbose linkBins node-sass@3.3.3
13 verbose link bins [ { 'node-sass': 'bin/node-sass' },
13 verbose link bins   '/Users/ceto/Htdocs/somnocenter/wp-content/themes/somnocenter/node_modules/grunt-sass/node_modules/.bin',
13 verbose link bins   false ]
14 verbose linkMans node-sass@3.3.3
15 verbose rebuildBundles node-sass@3.3.3
16 verbose rebuildBundles [ '.bin',
16 verbose rebuildBundles   'async-foreach',
16 verbose rebuildBundles   'chalk',
16 verbose rebuildBundles   'cross-spawn',
16 verbose rebuildBundles   'gaze',
16 verbose rebuildBundles   'get-stdin',
16 verbose rebuildBundles   'glob',
16 verbose rebuildBundles   'meow',
16 verbose rebuildBundles   'mkdirp',
16 verbose rebuildBundles   'nan',
16 verbose rebuildBundles   'node-gyp',
16 verbose rebuildBundles   'npmconf',
16 verbose rebuildBundles   'request',
16 verbose rebuildBundles   'sass-graph' ]
17 info lifecycle node-sass@3.3.3~install: node-sass@3.3.3
18 verbose lifecycle node-sass@3.3.3~install: unsafe-perm in lifecycle true
19 verbose lifecycle node-sass@3.3.3~install: PATH: /Users/ceto/.nvm/versions/node/v6.9.1/lib/node_modules/npm/bin/node-gyp-bin:/Users/ceto/Htdocs/somnocenter/wp-content/themes/somnocenter/node_modules/grunt-sass/node_modules/node-sass/node_modules/.bin:/Users/ceto/Htdocs/somnocenter/wp-content/themes/somnocenter/node_modules/grunt-sass/node_modules/.bin:/Users/ceto/Htdocs/somnocenter/wp-content/themes/somnocenter/node_modules/.bin:/Users/ceto/.nvm/versions/node/v6.9.1/bin:/Users/ceto/.rbenv/shims:/Users/ceto/Library/Android/sdk/platform-tools:/Applications/MAMP/bin/php/php5.6.10/bin/php:/usr/local/bin:/usr/bin:/bin:/usr/sbin:/sbin:/Applications/MAMP/Library/bin
20 verbose lifecycle node-sass@3.3.3~install: CWD: /Users/ceto/Htdocs/somnocenter/wp-content/themes/somnocenter/node_modules/grunt-sass/node_modules/node-sass
21 silly lifecycle node-sass@3.3.3~install: Args: [ '-c', 'node scripts/install.js' ]
22 silly lifecycle node-sass@3.3.3~install: Returned: code: 0  signal: null
23 info lifecycle node-sass@3.3.3~postinstall: node-sass@3.3.3
24 verbose lifecycle node-sass@3.3.3~postinstall: unsafe-perm in lifecycle true
25 verbose lifecycle node-sass@3.3.3~postinstall: PATH: /Users/ceto/.nvm/versions/node/v6.9.1/lib/node_modules/npm/bin/node-gyp-bin:/Users/ceto/Htdocs/somnocenter/wp-content/themes/somnocenter/node_modules/grunt-sass/node_modules/node-sass/node_modules/.bin:/Users/ceto/Htdocs/somnocenter/wp-content/themes/somnocenter/node_modules/grunt-sass/node_modules/.bin:/Users/ceto/Htdocs/somnocenter/wp-content/themes/somnocenter/node_modules/.bin:/Users/ceto/.nvm/versions/node/v6.9.1/bin:/Users/ceto/.rbenv/shims:/Users/ceto/Library/Android/sdk/platform-tools:/Applications/MAMP/bin/php/php5.6.10/bin/php:/usr/local/bin:/usr/bin:/bin:/usr/sbin:/sbin:/Applications/MAMP/Library/bin
26 verbose lifecycle node-sass@3.3.3~postinstall: CWD: /Users/ceto/Htdocs/somnocenter/wp-content/themes/somnocenter/node_modules/grunt-sass/node_modules/node-sass
27 silly lifecycle node-sass@3.3.3~postinstall: Args: [ '-c', 'node scripts/build.js' ]
28 silly lifecycle node-sass@3.3.3~postinstall: Returned: code: 1  signal: null
29 info lifecycle node-sass@3.3.3~postinstall: Failed to exec postinstall script
30 verbose stack Error: node-sass@3.3.3 postinstall: `node scripts/build.js`
30 verbose stack Exit status 1
30 verbose stack     at EventEmitter.<anonymous> (/Users/ceto/.nvm/versions/node/v6.9.1/lib/node_modules/npm/lib/utils/lifecycle.js:279:16)
30 verbose stack     at emitTwo (events.js:106:13)
30 verbose stack     at EventEmitter.emit (events.js:191:7)
30 verbose stack     at ChildProcess.<anonymous> (/Users/ceto/.nvm/versions/node/v6.9.1/lib/node_modules/npm/lib/utils/spawn.js:40:14)
30 verbose stack     at emitTwo (events.js:106:13)
30 verbose stack     at ChildProcess.emit (events.js:191:7)
30 verbose stack     at maybeClose (internal/child_process.js:877:16)
30 verbose stack     at Process.ChildProcess._handle.onexit (internal/child_process.js:226:5)
31 verbose pkgid node-sass@3.3.3
32 verbose cwd /Users/ceto/Htdocs/somnocenter/wp-content/themes/somnocenter
33 error Darwin 16.1.0
34 error argv "/Users/ceto/.nvm/versions/node/v6.9.1/bin/node" "/Users/ceto/.nvm/versions/node/v6.9.1/bin/npm" "rebuild" "node-sass"
35 error node v6.9.1
36 error npm  v4.0.1
37 error code ELIFECYCLE
38 error node-sass@3.3.3 postinstall: `node scripts/build.js`
38 error Exit status 1
39 error Failed at the node-sass@3.3.3 postinstall script 'node scripts/build.js'.
39 error Make sure you have the latest version of node.js and npm installed.
39 error If you do, this is most likely a problem with the node-sass package,
39 error not with npm itself.
39 error Tell the author that this fails on your system:
39 error     node scripts/build.js
39 error You can get information on how to open an issue for this project with:
39 error     npm bugs node-sass
39 error Or if that isn't available, you can get their info via:
39 error     npm owner ls node-sass
39 error There is likely additional logging output above.
40 verbose exit [ 1, true ]
